Build started 3/10/2012 4:28:56 PM.
     1>Project "D:\tu\cpp\workspaces\VlcQt-VS2010\VlcQtVC2010\VlcQtVC2010\VlcQtVC2010.vcxproj" on node 2 (build target(s)).
     1>InitializeBuildStatus:
         Creating "Debug\VlcQtVC2010.unsuccessfulbuild" because "AlwaysCreate" was specified.
       ClCompile:
         d:\Program Files\Microsoft Visual Studio 10.0\VC\bin\CL.exe /c /ZI /nologo /W3 /WX- /Od /Oy- /D WIN32 /D _DEBUG /D _CONSOLE /D _UNICODE /D UNICODE /Gm /EHsc /RTC1 /MDd /GS /fp:precise /Zc:wchar_t /Zc:forScope /Fo"Debug\\" /Fd"Debug\vc100.pdb" /Gd /TP /analyze- /errorReport:prompt main.cpp
         main.cpp
       ManifestResourceCompile:
         All outputs are up-to-date.
       Link:
         d:\Program Files\Microsoft Visual Studio 10.0\VC\bin\link.exe /ERRORREPORT:PROMPT /OUT:"D:\tu\cpp\workspaces\VlcQt-VS2010\VlcQtVC2010\Debug\VlcQtVC2010.exe" /INCREMENTAL /NOLOGO qtmaind.lib QtGuid4.lib QtCored4.lib libvlccore.lib libvlc.lib kernel32.lib user32.lib gdi32.lib winspool.lib comdlg32.lib advapi32.lib shell32.lib ole32.lib oleaut32.lib uuid.lib odbc32.lib odbccp32.lib /MANIFEST /ManifestFile:"Debug\VlcQtVC2010.exe.intermediate.manifest" /MANIFESTUAC:"level='asInvoker' uiAccess='false'" /DEBUG /PDB:"D:\tu\cpp\workspaces\VlcQt-VS2010\VlcQtVC2010\Debug\VlcQtVC2010.pdb" /SUBSYSTEM:CONSOLE /TLBID:1 /DYNAMICBASE /NXCOMPAT /IMPLIB:"D:\tu\cpp\workspaces\VlcQt-VS2010\VlcQtVC2010\Debug\VlcQtVC2010.lib" /MACHINE:X86 Debug\VlcQtVC2010.exe.embed.manifest.res
         Debug\main.obj
         Debug\moc_vlc_on_qt.obj
         Debug\vlc_on_qt.obj
       Manifest:
         C:\Program Files\Microsoft SDKs\Windows\v7.0A\bin\mt.exe /nologo /verbose /out:"Debug\VlcQtVC2010.exe.embed.manifest" /manifest Debug\VlcQtVC2010.exe.intermediate.manifest
         All outputs are up-to-date.
       LinkEmbedManifest:
         All outputs are up-to-date.
         VlcQtVC2010.vcxproj -> D:\tu\cpp\workspaces\VlcQt-VS2010\VlcQtVC2010\Debug\VlcQtVC2010.exe
       FinalizeBuildStatus:
         Deleting file "Debug\VlcQtVC2010.unsuccessfulbuild".
         Touching "Debug\VlcQtVC2010.lastbuildstate".
     1>Done Building Project "D:\tu\cpp\workspaces\VlcQt-VS2010\VlcQtVC2010\VlcQtVC2010\VlcQtVC2010.vcxproj" (build target(s)).

Build succeeded.

Time Elapsed 00:00:01.48
